<?xml version="1.0" encoding="UTF-8"?>
<!-- Generated by org.testng.reporters.JUnitXMLReporter -->
<testsuite ignored="0" hostname="DML-J87JHL3" failures="0" tests="5" name="Test" time="72.345" errors="0" timestamp="2022-09-25T19:24:13 IST">
  <testcase classname="Selenuim_Assignment.BasicSetUP" name="browser" time="65.22"/>
  <testcase classname="Selenuim_Assignment.LoginSetup" name="opening_amazon" time="2.542"/>
  <testcase classname="Selenuim_Assignment.LoginSetup" name="scoll_till_brands" time="1.527"/>
  <testcase classname="Selenuim_Assignment.LoginSetup" name="click_on_television" time="1.068"/>
  <testcase classname="Selenuim_Assignment.LoginSetup" name="select_samsung_filter" time="1.943"/>
</testsuite> <!-- Test -->
